[2026-02-01 09:18:45] 开始执行论文搜索任务
搜索关键词: code
搜索日期范围: 2026-01-31
正在获取论文...
[ACM] 2026-1-31 | Analysis of Bus Current Control Characteristics of BLDC Motors Based on Different PWM Modulation Methods
[ACM] 2026-1-31 | Intelligent Analysis of Geotechnical Mechanical Parameters Based on Big Data Algorithm
[ACM] 2026-1-31 | DRMip-Gaussian: Unaliasing Sparse-View 3D Gaussian Splatting with Depth Regularization
[ACM] 2026-1-31 | A Study on the Migration of Campus Service Outlets Based on Bigdata
[ACM] 2026-1-31 | First-Order Optimization through Adaptively Transformed Normalized Gradients
[ACM] 2026-1-31 | Development of Real-Time Monitoring and Fault Identification System for Machinery Operation
[ACM] 2026-1-31 | Research on deep learning-based segmentation algorithm for lung CT images
[ACM] 2026-1-31 | Application of Artificial Intelligence-Based Infrared Sensors in Indoor People Counting
[ACM] 2026-1-31 | Evaluation for the Application of Intelligent Teaching Based on Entropy-Weighted TOPSIS, Coupling Coherence and XGBoost Machine Learning Model
[ACM] 2026-1-31 | Industrial Leakage Source Localization System Using Dual-Vehicle Collaboration and Multi-Sensor Fusion: A Risk Management-Oriented Design and Empirical Study
[ACM] 2026-1-31 | Design of Hospital Information Intelligent Management System Based on Three Layer BS Architecture
[ACM] 2026-1-31 | Research on high-precision control algorithm for robots based on deep neural networks
[ACM] 2026-1-31 | Domain Adaptive Semantic Segmentation through Dual Pseudo-label Fusion and Adaptive Region Pasting
[ACM] 2026-1-31 | Improved YOLOv10 Algorithm for Remote Sensing Object Detection
[ACM] 2026-1-31 | A Data Augmentation Method for Chinese-Japanese Translation Based on Inter-sentential Contextual Association
[ACM] 2026-1-31 | Quantitative Evaluation of Acute Tonic Pain Signals Based on Entropy-Machine Learning Algorithm
[ACM] 2026-1-31 | Emotion Recognition Based on Multimodal Physiological Signal Fusion and Refinement
[ACM] 2026-1-31 | Design of Mobile Charge Management System in Smart Hospital Based on Big Data Algorithm
[ACM] 2026-1-31 | Research on early warning method for drilling spill based on multi source data
[ACM] 2026-1-31 | An intelligent cockpit voice testing system based on artificial intelligence technology
[ACM] 2026-1-31 | HybirdRVIT-CNN: A Improved Vision Transformer Model for the Recognition of Onychomycosis in Dermatoscopic Images
[ACM] 2026-1-31 | Proceedings of the 2025 7th International Conference on Video, Signal and Image Processing
[ACM] 2026-1-31 | No-Reference Plane Image Quality Assessment Based on Differential Feature Fusion
[ACM] 2026-1-31 | Zero-shot Referring Image Segmentation Augmented by Multimodal Large Language Models
[ACM] 2026-1-31 | A Transformer-based adaptive equalizer for robust OFDM underwater acoustic communication
[ACM] 2026-1-31 | Research and Design of Intelligent Coal Mine Drill Pipe with Metal-Resistant Interference Characteristics
[ACM] 2026-1-31 | PFCL-HAR: Personalized Federated Clustering Learning for Human Activity Recognition
[ACM] 2026-1-31 | An improved lightweight YOLOv7-tiny-based network for beach litter detection
[ACM] 2026-1-31 | Research and Analysis on the Development Trends of Stealth and Anti-Stealth Technologies
[ACM] 2026-1-31 | Quick Detection of Metabolic Status in Dairy Cows Based on Near-Infrared Spectral Analysis
[ACM] 2026-1-31 | An Adaptive Convolutional Autoencoder Model-based Predictive Anomaly Detection Framework for Locomotive Diesel Engines
[ACM] 2026-1-31 | Computer-aided intelligent systems for public music and art appreciation education
[ACM] 2026-1-31 | Optimization Methods of Machine Learning in Financial Big Data Analysis Models
[ACM] 2026-1-31 | Research on Pain Intensity Detection and Classification Using WPT-CNN
[ACM] 2026-1-31 | A Distributed Control Approach for Multi-Agent Reinforcement Learning in Collaborative AI Music Performance
[ACM] 2026-1-31 | Proceedings of the 2025 2nd International Conference on Big Data Analytics and Artificial Intelligence Application
[ACM] 2026-1-31 | Considerations for VR Integration into Human-Centered Computing Education
[ACM] 2026-1-31 | Adaptive Traffic Signal Control Using Multi-Source Traffic State Prediction Under Urban Intelligent Transportation Systems
[ACM] 2026-1-31 | Research on Driver Fatigue and Distraction Detection Method Based on YOLOv8 Algorithm
[ACM] 2026-1-31 | Short-term load forecasting method based on TCN-BiLSTM-PSO combination model
[ACM] 2026-1-31 | Cognitive Load Early Warning Based on Behavioral Data: A Single-Agent Approach for Dynamically Adjusting Task Difficulty
[ACM] 2026-1-31 | Detection of underwater buried metal targets based on distributed MIMO Ground Penetrating Radar
[ACM] 2026-1-31 | Wearable Inertial Sensor-Based Recognition of Swimming Movements and Postures
[ACM] 2026-1-31 | Cyclic Implicit Complexity
[ACM] 2026-1-31 | HiblaTek: A Mobile Image Processing System for Automated Warp and Weft Density Analysis
[ACM] 2026-1-31 | Distributed Multi-Level Task Scheduling Framework for Heterogeneous workloads
[ACM] 2026-1-31 | A L-RAFT Consensus Algorithm for Content Caching in Fog Radio Access Network
[ACM] 2026-1-31 | Research on Control Strategy of Three-Level Photovoltaic Grid-Connected Inverter with Three-Phase Four-wire Unbalanced Load Compensation
[ACM] 2026-1-31 | RPPFL: A Robust and Privacy-Preserving Framework for Federated Learning with Trusted Execution Environments
[ACM] 2026-1-31 | LocaMage: Cross-Modal Geolocalization Using Satellite and Ground Imagery
[ACM] 2026-1-31 | Semantic Segmentation of Skin Lesions Using Deep CNNs with Artifact Removal and Multiclass Detection
[ACM] 2026-1-31 | Public Transport Priority Signal Control Based on Traffic State Prediction
[ACM] 2026-1-31 | Research on Dragonfly Algorithm Based on Elite Reverse Learning and Cauchy Variation Candidate Positions
[ACM] 2026-1-31 | Proceedings of the International Conference on Intelligent Control and Automation Applications
[ACM] 2026-1-31 | Learning-Based Model Predictive Control for Intelligent Vehicle Trajectory Planning and Tracking: Methodological Framework and Theoretical Enhancement
[ACM] 2026-1-31 | Understanding Internal Representations of Recommendation Models with Sparse Autoencoders
[ACM] 2026-1-31 | Clustering-guided Generative Adversarial Network with Data Augmentation for Surface Defect Detection
[ACM] 2026-1-31 | A Loss Function for Blind Audio Separation
[ACM] 2026-1-31 | Analysis and Evaluation of Baseline Models for Highway Traffic Incident Detection
[ACM] 2026-1-31 | Application of Convolutional Neural Network Method based on Principal Component Analysis in Pore Pressure Monitoring
[ACM] 2026-1-31 | ORNet: No-reference Point Cloud Quality Assessment in an Ordinal Regression Way
[ACM] 2026-1-31 | Prediction of Communication Failures Caused by System Resource Depletion in Wireless Networks Based on Deep Learning
[ACM] 2026-1-31 | An IoT-based Aquaculture Environmental Monitoring System
[ACM] 2026-1-31 | Joint Spatial-Spectral Feature Network for Hyperspectral Images Classification
[ACM] 2026-1-31 | A Systematic Review of Approaches for Evaluating Students’ Function-Level Code Structure Knowledge with a Catalog of All Discussed Patterns
[ACM] 2026-1-31 | The Interactive Multi-Model PMBM filter for coexistence point and extended target tracking
[ACM] 2026-1-31 | A Review of Small Object Detection Based on Deep Learning
[ACM] 2026-1-31 | An Improved Method Based on Retinex Theory for Video Data Extraction Under Low-Light Condition
[ACM] 2026-1-31 | Hierarchical Semantic Embedded Transformers for Fine-Grained Classification
[ACM] 2026-1-31 | Characteristic analysis of rain-wind induced stay-cable vibration based on the finite element model in field observation
[ACM] 2026-1-31 | Leveraging Machine Learning to Improve Education Quality and Economic Development
[ACM] 2026-1-31 | Remote Sensing Image Spectral Super-Resolution Reconstruction Based on Multi-Attention Residual Block
[ACM] 2026-1-31 | Research on Learning Strategies for Missile Penetration in Game Theory Based on Machine Learning
[ACM] 2026-1-31 | Intelligent Comprehensive Logging Instrument Technology Research and Solution Design
[ACM] 2026-1-31 | KAUDA: Knowability-Aware Universal Domain Adaptation
[ACM] 2026-1-31 | From Design Sketch to 3D Model: A Rapid Generation Method for Car Body Frame in the Conceptual Phase Based on Key Point Detection Network
[ACM] 2026-1-31 | A Chinese-Japanese Parallel Corpus for Document-level Neural Machine Translation Based on Web-Crawled News Data
[ACM] 2026-1-31 | A Rule-Based System for Improving Efficiency and Standardization in Locomotive Design Checking
[ACM] 2026-1-31 | Proxy-Label Guided Representation Learning for Brain Imaging Genomics
[ACM] 2026-1-31 | Tensor Computation and Analytics for Intelligence Service on Heterogeneous Platform
[ACM] 2026-1-31 | Distributed Synthetic Aperture Sonar with Joint Tracking and Phase Compensation Based on Extended Kalman Filter
[ACM] 2026-1-31 | IEGFusion: An Information Entropy-Guided Framework for Infrared and Visible Image Fusion
[ACM] 2026-1-31 | Design of Construction Equipment Management Operation and Maintenance System Based on BIM and Big Data Algorithm
[ACM] 2026-1-31 | Scalable Tracking of Multiple Extended Targets with PMBM Filter and Generalized Inverse Gaussian Distribution
[ACM] 2026-1-31 | CCFBQGD: Chinese Cross-Domain Fill-in-the-Blank Question Generation Dataset and Its Benchmarking Methodology
[ACM] 2026-1-31 | Drilling Overflow Early Warning Method Based on Field Model and Big Data
[ACM] 2026-1-31 | Fusing AI Vision and Human Psychology for Tourism Advertising Optimization
[ACM] 2026-1-31 | English Speech Verbs’ Meaning Potential for Natural Language Processing
[ACM] 2026-1-31 | A Novel RLS-Based Adaptive Beamforming Algorithm with Variable Forgetting Factor for Robust Target Detection
[ACM] 2026-1-31 | Student Classroom Behavior Detection and Classification: Swin Transformer and Mask RCNN
共写入 90 条记录，保存到 papers/paper2026-01-31.json。
论文获取成功，文件路径: papers/paper2026-01-31.json
正在筛选、翻译并发送邮件...
[NO] 1/90 | Analysis of Bus Current Control Characteristics of BLDC Motors Based on Different PWM Modulation Methods
[NO] 2/90 | Intelligent Analysis of Geotechnical Mechanical Parameters Based on Big Data Algorithm
[NO] 3/90 | DRMip-Gaussian: Unaliasing Sparse-View 3D Gaussian Splatting with Depth Regularization
[NO] 4/90 | A Study on the Migration of Campus Service Outlets Based on Bigdata
[NO] 5/90 | First-Order Optimization through Adaptively Transformed Normalized Gradients
[NO] 6/90 | Development of Real-Time Monitoring and Fault Identification System for Machinery Operation
[NO] 7/90 | Research on deep learning-based segmentation algorithm for lung CT images
[NO] 8/90 | Application of Artificial Intelligence-Based Infrared Sensors in Indoor People Counting
[NO] 9/90 | Evaluation for the Application of Intelligent Teaching Based on Entropy-Weighted TOPSIS, Coupling Coherence and XGBoost Machine Learning Model
[NO] 10/90 | Industrial Leakage Source Localization System Using Dual-Vehicle Collaboration and Multi-Sensor Fusion: A Risk Management-Oriented Design and Empirical Study
[NO] 11/90 | Design of Hospital Information Intelligent Management System Based on Three Layer BS Architecture
[NO] 12/90 | Research on high-precision control algorithm for robots based on deep neural networks
[NO] 13/90 | Domain Adaptive Semantic Segmentation through Dual Pseudo-label Fusion and Adaptive Region Pasting
[NO] 14/90 | Improved YOLOv10 Algorithm for Remote Sensing Object Detection
[NO] 15/90 | A Data Augmentation Method for Chinese-Japanese Translation Based on Inter-sentential Contextual Association
[NO] 16/90 | Quantitative Evaluation of Acute Tonic Pain Signals Based on Entropy-Machine Learning Algorithm
[NO] 17/90 | Emotion Recognition Based on Multimodal Physiological Signal Fusion and Refinement
[NO] 18/90 | Design of Mobile Charge Management System in Smart Hospital Based on Big Data Algorithm
[NO] 19/90 | Research on early warning method for drilling spill based on multi source data
[NO] 20/90 | An intelligent cockpit voice testing system based on artificial intelligence technology
[NO] 21/90 | HybirdRVIT-CNN: A Improved Vision Transformer Model for the Recognition of Onychomycosis in Dermatoscopic Images
[NO] 22/90 | Proceedings of the 2025 7th International Conference on Video, Signal and Image Processing
[NO] 23/90 | No-Reference Plane Image Quality Assessment Based on Differential Feature Fusion
[NO] 24/90 | Zero-shot Referring Image Segmentation Augmented by Multimodal Large Language Models
[NO] 25/90 | A Transformer-based adaptive equalizer for robust OFDM underwater acoustic communication
[NO] 26/90 | Research and Design of Intelligent Coal Mine Drill Pipe with Metal-Resistant Interference Characteristics
[NO] 27/90 | PFCL-HAR: Personalized Federated Clustering Learning for Human Activity Recognition
[NO] 28/90 | An improved lightweight YOLOv7-tiny-based network for beach litter detection
[NO] 29/90 | Research and Analysis on the Development Trends of Stealth and Anti-Stealth Technologies
[NO] 30/90 | Quick Detection of Metabolic Status in Dairy Cows Based on Near-Infrared Spectral Analysis
[NO] 31/90 | An Adaptive Convolutional Autoencoder Model-based Predictive Anomaly Detection Framework for Locomotive Diesel Engines
[NO] 32/90 | Computer-aided intelligent systems for public music and art appreciation education
[NO] 33/90 | Optimization Methods of Machine Learning in Financial Big Data Analysis Models
[NO] 34/90 | Research on Pain Intensity Detection and Classification Using WPT-CNN
[NO] 35/90 | A Distributed Control Approach for Multi-Agent Reinforcement Learning in Collaborative AI Music Performance
[NO] 36/90 | Proceedings of the 2025 2nd International Conference on Big Data Analytics and Artificial Intelligence Application
[NO] 37/90 | Considerations for VR Integration into Human-Centered Computing Education
[NO] 38/90 | Adaptive Traffic Signal Control Using Multi-Source Traffic State Prediction Under Urban Intelligent Transportation Systems
[NO] 39/90 | Research on Driver Fatigue and Distraction Detection Method Based on YOLOv8 Algorithm
[NO] 40/90 | Short-term load forecasting method based on TCN-BiLSTM-PSO combination model
[NO] 41/90 | Cognitive Load Early Warning Based on Behavioral Data: A Single-Agent Approach for Dynamically Adjusting Task Difficulty
[NO] 42/90 | Detection of underwater buried metal targets based on distributed MIMO Ground Penetrating Radar
[NO] 43/90 | Wearable Inertial Sensor-Based Recognition of Swimming Movements and Postures
[NO] 44/90 | Cyclic Implicit Complexity
[NO] 45/90 | HiblaTek: A Mobile Image Processing System for Automated Warp and Weft Density Analysis
[NO] 46/90 | Distributed Multi-Level Task Scheduling Framework for Heterogeneous workloads
[NO] 47/90 | A L-RAFT Consensus Algorithm for Content Caching in Fog Radio Access Network
[NO] 48/90 | Research on Control Strategy of Three-Level Photovoltaic Grid-Connected Inverter with Three-Phase Four-wire Unbalanced Load Compensation
[NO] 49/90 | RPPFL: A Robust and Privacy-Preserving Framework for Federated Learning with Trusted Execution Environments
[NO] 50/90 | LocaMage: Cross-Modal Geolocalization Using Satellite and Ground Imagery
[NO] 51/90 | Semantic Segmentation of Skin Lesions Using Deep CNNs with Artifact Removal and Multiclass Detection
[NO] 52/90 | Public Transport Priority Signal Control Based on Traffic State Prediction
[NO] 53/90 | Research on Dragonfly Algorithm Based on Elite Reverse Learning and Cauchy Variation Candidate Positions
[NO] 54/90 | Proceedings of the International Conference on Intelligent Control and Automation Applications
[NO] 55/90 | Learning-Based Model Predictive Control for Intelligent Vehicle Trajectory Planning and Tracking: Methodological Framework and Theoretical Enhancement
[NO] 56/90 | Understanding Internal Representations of Recommendation Models with Sparse Autoencoders
[NO] 57/90 | Clustering-guided Generative Adversarial Network with Data Augmentation for Surface Defect Detection
[NO] 58/90 | A Loss Function for Blind Audio Separation
[NO] 59/90 | Analysis and Evaluation of Baseline Models for Highway Traffic Incident Detection
[NO] 60/90 | Application of Convolutional Neural Network Method based on Principal Component Analysis in Pore Pressure Monitoring
[NO] 61/90 | ORNet: No-reference Point Cloud Quality Assessment in an Ordinal Regression Way
[NO] 62/90 | Prediction of Communication Failures Caused by System Resource Depletion in Wireless Networks Based on Deep Learning
[NO] 63/90 | An IoT-based Aquaculture Environmental Monitoring System
[NO] 64/90 | Joint Spatial-Spectral Feature Network for Hyperspectral Images Classification
[NO] 65/90 | A Systematic Review of Approaches for Evaluating Students’ Function-Level Code Structure Knowledge with a Catalog of All Discussed Patterns
[NO] 66/90 | The Interactive Multi-Model PMBM filter for coexistence point and extended target tracking
[NO] 67/90 | A Review of Small Object Detection Based on Deep Learning
[NO] 68/90 | An Improved Method Based on Retinex Theory for Video Data Extraction Under Low-Light Condition
[NO] 69/90 | Hierarchical Semantic Embedded Transformers for Fine-Grained Classification
[NO] 70/90 | Characteristic analysis of rain-wind induced stay-cable vibration based on the finite element model in field observation
[NO] 71/90 | Leveraging Machine Learning to Improve Education Quality and Economic Development
[NO] 72/90 | Remote Sensing Image Spectral Super-Resolution Reconstruction Based on Multi-Attention Residual Block
[NO] 73/90 | Research on Learning Strategies for Missile Penetration in Game Theory Based on Machine Learning
[NO] 74/90 | Intelligent Comprehensive Logging Instrument Technology Research and Solution Design
[NO] 75/90 | KAUDA: Knowability-Aware Universal Domain Adaptation
[NO] 76/90 | From Design Sketch to 3D Model: A Rapid Generation Method for Car Body Frame in the Conceptual Phase Based on Key Point Detection Network
[NO] 77/90 | A Chinese-Japanese Parallel Corpus for Document-level Neural Machine Translation Based on Web-Crawled News Data
[YES] 78/90 | A Rule-Based System for Improving Efficiency and Standardization in Locomotive Design Checking
[NO] 79/90 | Proxy-Label Guided Representation Learning for Brain Imaging Genomics
[NO] 80/90 | Tensor Computation and Analytics for Intelligence Service on Heterogeneous Platform
[NO] 81/90 | Distributed Synthetic Aperture Sonar with Joint Tracking and Phase Compensation Based on Extended Kalman Filter
[NO] 82/90 | IEGFusion: An Information Entropy-Guided Framework for Infrared and Visible Image Fusion
[NO] 83/90 | Design of Construction Equipment Management Operation and Maintenance System Based on BIM and Big Data Algorithm
[NO] 84/90 | Scalable Tracking of Multiple Extended Targets with PMBM Filter and Generalized Inverse Gaussian Distribution
[NO] 85/90 | CCFBQGD: Chinese Cross-Domain Fill-in-the-Blank Question Generation Dataset and Its Benchmarking Methodology
[NO] 86/90 | Drilling Overflow Early Warning Method Based on Field Model and Big Data
[NO] 87/90 | Fusing AI Vision and Human Psychology for Tourism Advertising Optimization
[NO] 88/90 | English Speech Verbs’ Meaning Potential for Natural Language Processing
[NO] 89/90 | A Novel RLS-Based Adaptive Beamforming Algorithm with Variable Forgetting Factor for Robust Target Detection
[NO] 90/90 | Student Classroom Behavior Detection and Classification: Swin Transformer and Mask RCNN
筛选完成：共 90 篇；Yes = 1 篇；已保存到 papers/select_paper2026-01-31.json。
邮件发送成功！
[2026-02-01 09:25:08] 任务执行成功！
